<?xml version="1.0" encoding="UTF-8" ?>
<testsuite failures="0" time="4.951" errors="0" skipped="0" tests="2" name="ys276.core.test.service.TestObjects">
  <properties>
    <property name="java.runtime.name" value="Java(TM) SE Runtime Environment"/>
    <property name="sun.boot.library.path" value="/System/Library/Java/JavaVirtualMachines/1.6.0.jdk/Contents/Libraries"/>
    <property name="java.vm.version" value="20.6-b01-415"/>
    <property name="awt.nativeDoubleBuffering" value="true"/>
    <property name="gopherProxySet" value="false"/>
    <property name="mrj.build" value="11M3635"/>
    <property name="java.vm.vendor" value="Apple Inc."/>
    <property name="java.vendor.url" value="http://www.apple.com/"/>
    <property name="path.separator" value=":"/>
    <property name="java.vm.name" value="Java HotSpot(TM) 64-Bit Server VM"/>
    <property name="file.encoding.pkg" value="sun.io"/>
    <property name="user.country" value="FR"/>
    <property name="sun.java.launcher" value="SUN_STANDARD"/>
    <property name="sun.os.patch.level" value="unknown"/>
    <property name="java.vm.specification.name" value="Java Virtual Machine Specification"/>
    <property name="user.dir" value="/Users/youen/Programmation/workspace/core/core-business"/>
    <property name="java.runtime.version" value="1.6.0_31-b04-415-11M3635"/>
    <property name="java.awt.graphicsenv" value="apple.awt.CGraphicsEnvironment"/>
    <property name="basedir" value="/Users/youen/Programmation/workspace/core/core-business"/>
    <property name="java.endorsed.dirs" value="/System/Library/Java/JavaVirtualMachines/1.6.0.jdk/Contents/Home/lib/endorsed"/>
    <property name="os.arch" value="x86_64"/>
    <property name="surefire.real.class.path" value="/Users/youen/Programmation/workspace/core/core-business/target/surefire/surefirebooter5036473190297397819.jar"/>
    <property name="java.io.tmpdir" value="/var/folders/63/v24zq9ks19v9jnfgmgwmkwj00000gn/T/"/>
    <property name="line.separator" value="
"/>
    <property name="java.vm.specification.vendor" value="Sun Microsystems Inc."/>
    <property name="os.name" value="Mac OS X"/>
    <property name="sun.jnu.encoding" value="MacRoman"/>
    <property name="java.library.path" value=".:/Library/Java/Extensions:/System/Library/Java/Extensions:/usr/lib/java"/>
    <property name="surefire.test.class.path" value="/Users/youen/Programmation/workspace/core/core-business/target/test-classes:/Users/youen/Programmation/workspace/core/core-business/target/classes:/Users/youen/Programmation/workspace/core/core-objects/target/core-objects-0.0.1-SNAPSHOT.jar:/Users/youen/.m2/repository/org/springframework/spring-core/3.1.0.RELEASE/spring-core-3.1.0.RELEASE.jar:/Users/youen/.m2/repository/commons-logging/commons-logging/1.1.1/commons-logging-1.1.1.jar:/Users/youen/.m2/repository/org/springframework/spring-context/3.1.0.RELEASE/spring-context-3.1.0.RELEASE.jar:/Users/youen/.m2/repository/org/springframework/spring-aop/3.1.0.RELEASE/spring-aop-3.1.0.RELEASE.jar:/Users/youen/.m2/repository/aopalliance/aopalliance/1.0/aopalliance-1.0.jar:/Users/youen/.m2/repository/org/springframework/spring-asm/3.1.0.RELEASE/spring-asm-3.1.0.RELEASE.jar:/Users/youen/.m2/repository/org/springframework/spring-aspects/3.1.0.RELEASE/spring-aspects-3.1.0.RELEASE.jar:/Users/youen/.m2/repository/org/springframework/spring-beans/3.1.0.RELEASE/spring-beans-3.1.0.RELEASE.jar:/Users/youen/.m2/repository/org/springframework/spring-context-support/3.1.0.RELEASE/spring-context-support-3.1.0.RELEASE.jar:/Users/youen/.m2/repository/org/springframework/spring-expression/3.1.0.RELEASE/spring-expression-3.1.0.RELEASE.jar:/Users/youen/.m2/repository/org/springframework/spring-jdbc/3.1.0.RELEASE/spring-jdbc-3.1.0.RELEASE.jar:/Users/youen/.m2/repository/org/springframework/spring-tx/3.1.0.RELEASE/spring-tx-3.1.0.RELEASE.jar:/Users/youen/.m2/repository/org/springframework/spring-orm/3.1.0.RELEASE/spring-orm-3.1.0.RELEASE.jar:/Users/youen/.m2/repository/org/springframework/spring-oxm/3.1.0.RELEASE/spring-oxm-3.1.0.RELEASE.jar:/Users/youen/.m2/repository/commons-lang/commons-lang/2.5/commons-lang-2.5.jar:/Users/youen/.m2/repository/org/springframework/spring-test/3.1.0.RELEASE/spring-test-3.1.0.RELEASE.jar:/Users/youen/.m2/repository/org/springframework/spring-web/3.1.0.RELEASE/spring-web-3.1.0.RELEASE.jar:/Users/youen/.m2/repository/javax/mail/mail/1.4.1/mail-1.4.1.jar:/Users/youen/.m2/repository/javax/activation/activation/1.1/activation-1.1.jar:/Users/youen/.m2/repository/org/apache/commons/commons-email/1.2/commons-email-1.2.jar:/Users/youen/.m2/repository/com/lowagie/itext/2.1.7/itext-2.1.7.jar:/Users/youen/.m2/repository/bouncycastle/bcmail-jdk14/138/bcmail-jdk14-138.jar:/Users/youen/.m2/repository/bouncycastle/bcprov-jdk14/138/bcprov-jdk14-138.jar:/Users/youen/.m2/repository/org/bouncycastle/bctsp-jdk14/1.38/bctsp-jdk14-1.38.jar:/Users/youen/.m2/repository/org/bouncycastle/bcprov-jdk14/1.38/bcprov-jdk14-1.38.jar:/Users/youen/.m2/repository/org/bouncycastle/bcmail-jdk14/1.38/bcmail-jdk14-1.38.jar:/Users/youen/.m2/repository/org/apache/velocity/velocity/1.7/velocity-1.7.jar:/Users/youen/.m2/repository/commons-collections/commons-collections/3.2.1/commons-collections-3.2.1.jar:/Users/youen/.m2/repository/org/apache/velocity/velocity-tools/2.0/velocity-tools-2.0.jar:/Users/youen/.m2/repository/commons-beanutils/commons-beanutils/1.7.0/commons-beanutils-1.7.0.jar:/Users/youen/.m2/repository/commons-digester/commons-digester/1.8/commons-digester-1.8.jar:/Users/youen/.m2/repository/commons-chain/commons-chain/1.1/commons-chain-1.1.jar:/Users/youen/.m2/repository/commons-validator/commons-validator/1.3.1/commons-validator-1.3.1.jar:/Users/youen/.m2/repository/dom4j/dom4j/1.1/dom4j-1.1.jar:/Users/youen/.m2/repository/oro/oro/2.0.8/oro-2.0.8.jar:/Users/youen/.m2/repository/sslext/sslext/1.2-0/sslext-1.2-0.jar:/Users/youen/.m2/repository/org/apache/struts/struts-core/1.3.8/struts-core-1.3.8.jar:/Users/youen/.m2/repository/antlr/antlr/2.7.2/antlr-2.7.2.jar:/Users/youen/.m2/repository/org/apache/struts/struts-taglib/1.3.8/struts-taglib-1.3.8.jar:/Users/youen/.m2/repository/org/apache/struts/struts-tiles/1.3.8/struts-tiles-1.3.8.jar:/Users/youen/.m2/repository/mysql/mysql-connector-java/5.1.13/mysql-connector-java-5.1.13.jar:/Users/youen/.m2/repository/commons-dbcp/commons-dbcp/1.4/commons-dbcp-1.4.jar:/Users/youen/.m2/repository/commons-pool/commons-pool/1.5.4/commons-pool-1.5.4.jar:/Users/youen/.m2/repository/com/google/guava/guava/11.0/guava-11.0.jar:/Users/youen/.m2/repository/com/google/code/findbugs/jsr305/1.3.9/jsr305-1.3.9.jar:/Users/youen/.m2/repository/org/mybatis/mybatis-spring/1.0.2/mybatis-spring-1.0.2.jar:/Users/youen/.m2/repository/org/mybatis/mybatis/3.0.6/mybatis-3.0.6.jar:/Users/youen/.m2/repository/cglib/cglib/2.2/cglib-2.2.jar:/Users/youen/.m2/repository/asm/asm/3.1/asm-3.1.jar:/Users/youen/.m2/repository/org/slf4j/slf4j-log4j12/1.6.1/slf4j-log4j12-1.6.1.jar:/Users/youen/.m2/repository/org/slf4j/slf4j-api/1.6.1/slf4j-api-1.6.1.jar:/Users/youen/.m2/repository/log4j/log4j/1.2.16/log4j-1.2.16.jar:/Users/youen/.m2/repository/org/springframework/data/spring-data-mongodb/1.0.0.RELEASE/spring-data-mongodb-1.0.0.RELEASE.jar:/Users/youen/.m2/repository/org/springframework/data/spring-data-commons-core/1.2.0.RELEASE/spring-data-commons-core-1.2.0.RELEASE.jar:/Users/youen/.m2/repository/org/mongodb/mongo-java-driver/2.7.2/mongo-java-driver-2.7.2.jar:/Users/youen/.m2/repository/junit/junit/4.7/junit-4.7.jar:"/>
    <property name="java.specification.name" value="Java Platform API Specification"/>
    <property name="java.class.version" value="50.0"/>
    <property name="sun.management.compiler" value="HotSpot 64-Bit Tiered Compilers"/>
    <property name="os.version" value="10.7.3"/>
    <property name="http.nonProxyHosts" value="local|*.local|169.254/16|*.169.254/16"/>
    <property name="user.home" value="/Users/youen"/>
    <property name="user.timezone" value="Europe/Paris"/>
    <property name="java.awt.printerjob" value="apple.awt.CPrinterJob"/>
    <property name="java.specification.version" value="1.6"/>
    <property name="file.encoding" value="MacRoman"/>
    <property name="user.name" value="youen"/>
    <property name="java.class.path" value="/Users/youen/Programmation/workspace/core/core-business/target/test-classes:/Users/youen/Programmation/workspace/core/core-business/target/classes:/Users/youen/Programmation/workspace/core/core-objects/target/core-objects-0.0.1-SNAPSHOT.jar:/Users/youen/.m2/repository/org/springframework/spring-core/3.1.0.RELEASE/spring-core-3.1.0.RELEASE.jar:/Users/youen/.m2/repository/commons-logging/commons-logging/1.1.1/commons-logging-1.1.1.jar:/Users/youen/.m2/repository/org/springframework/spring-context/3.1.0.RELEASE/spring-context-3.1.0.RELEASE.jar:/Users/youen/.m2/repository/org/springframework/spring-aop/3.1.0.RELEASE/spring-aop-3.1.0.RELEASE.jar:/Users/youen/.m2/repository/aopalliance/aopalliance/1.0/aopalliance-1.0.jar:/Users/youen/.m2/repository/org/springframework/spring-asm/3.1.0.RELEASE/spring-asm-3.1.0.RELEASE.jar:/Users/youen/.m2/repository/org/springframework/spring-aspects/3.1.0.RELEASE/spring-aspects-3.1.0.RELEASE.jar:/Users/youen/.m2/repository/org/springframework/spring-beans/3.1.0.RELEASE/spring-beans-3.1.0.RELEASE.jar:/Users/youen/.m2/repository/org/springframework/spring-context-support/3.1.0.RELEASE/spring-context-support-3.1.0.RELEASE.jar:/Users/youen/.m2/repository/org/springframework/spring-expression/3.1.0.RELEASE/spring-expression-3.1.0.RELEASE.jar:/Users/youen/.m2/repository/org/springframework/spring-jdbc/3.1.0.RELEASE/spring-jdbc-3.1.0.RELEASE.jar:/Users/youen/.m2/repository/org/springframework/spring-tx/3.1.0.RELEASE/spring-tx-3.1.0.RELEASE.jar:/Users/youen/.m2/repository/org/springframework/spring-orm/3.1.0.RELEASE/spring-orm-3.1.0.RELEASE.jar:/Users/youen/.m2/repository/org/springframework/spring-oxm/3.1.0.RELEASE/spring-oxm-3.1.0.RELEASE.jar:/Users/youen/.m2/repository/commons-lang/commons-lang/2.5/commons-lang-2.5.jar:/Users/youen/.m2/repository/org/springframework/spring-test/3.1.0.RELEASE/spring-test-3.1.0.RELEASE.jar:/Users/youen/.m2/repository/org/springframework/spring-web/3.1.0.RELEASE/spring-web-3.1.0.RELEASE.jar:/Users/youen/.m2/repository/javax/mail/mail/1.4.1/mail-1.4.1.jar:/Users/youen/.m2/repository/javax/activation/activation/1.1/activation-1.1.jar:/Users/youen/.m2/repository/org/apache/commons/commons-email/1.2/commons-email-1.2.jar:/Users/youen/.m2/repository/com/lowagie/itext/2.1.7/itext-2.1.7.jar:/Users/youen/.m2/repository/bouncycastle/bcmail-jdk14/138/bcmail-jdk14-138.jar:/Users/youen/.m2/repository/bouncycastle/bcprov-jdk14/138/bcprov-jdk14-138.jar:/Users/youen/.m2/repository/org/bouncycastle/bctsp-jdk14/1.38/bctsp-jdk14-1.38.jar:/Users/youen/.m2/repository/org/bouncycastle/bcprov-jdk14/1.38/bcprov-jdk14-1.38.jar:/Users/youen/.m2/repository/org/bouncycastle/bcmail-jdk14/1.38/bcmail-jdk14-1.38.jar:/Users/youen/.m2/repository/org/apache/velocity/velocity/1.7/velocity-1.7.jar:/Users/youen/.m2/repository/commons-collections/commons-collections/3.2.1/commons-collections-3.2.1.jar:/Users/youen/.m2/repository/org/apache/velocity/velocity-tools/2.0/velocity-tools-2.0.jar:/Users/youen/.m2/repository/commons-beanutils/commons-beanutils/1.7.0/commons-beanutils-1.7.0.jar:/Users/youen/.m2/repository/commons-digester/commons-digester/1.8/commons-digester-1.8.jar:/Users/youen/.m2/repository/commons-chain/commons-chain/1.1/commons-chain-1.1.jar:/Users/youen/.m2/repository/commons-validator/commons-validator/1.3.1/commons-validator-1.3.1.jar:/Users/youen/.m2/repository/dom4j/dom4j/1.1/dom4j-1.1.jar:/Users/youen/.m2/repository/oro/oro/2.0.8/oro-2.0.8.jar:/Users/youen/.m2/repository/sslext/sslext/1.2-0/sslext-1.2-0.jar:/Users/youen/.m2/repository/org/apache/struts/struts-core/1.3.8/struts-core-1.3.8.jar:/Users/youen/.m2/repository/antlr/antlr/2.7.2/antlr-2.7.2.jar:/Users/youen/.m2/repository/org/apache/struts/struts-taglib/1.3.8/struts-taglib-1.3.8.jar:/Users/youen/.m2/repository/org/apache/struts/struts-tiles/1.3.8/struts-tiles-1.3.8.jar:/Users/youen/.m2/repository/mysql/mysql-connector-java/5.1.13/mysql-connector-java-5.1.13.jar:/Users/youen/.m2/repository/commons-dbcp/commons-dbcp/1.4/commons-dbcp-1.4.jar:/Users/youen/.m2/repository/commons-pool/commons-pool/1.5.4/commons-pool-1.5.4.jar:/Users/youen/.m2/repository/com/google/guava/guava/11.0/guava-11.0.jar:/Users/youen/.m2/repository/com/google/code/findbugs/jsr305/1.3.9/jsr305-1.3.9.jar:/Users/youen/.m2/repository/org/mybatis/mybatis-spring/1.0.2/mybatis-spring-1.0.2.jar:/Users/youen/.m2/repository/org/mybatis/mybatis/3.0.6/mybatis-3.0.6.jar:/Users/youen/.m2/repository/cglib/cglib/2.2/cglib-2.2.jar:/Users/youen/.m2/repository/asm/asm/3.1/asm-3.1.jar:/Users/youen/.m2/repository/org/slf4j/slf4j-log4j12/1.6.1/slf4j-log4j12-1.6.1.jar:/Users/youen/.m2/repository/org/slf4j/slf4j-api/1.6.1/slf4j-api-1.6.1.jar:/Users/youen/.m2/repository/log4j/log4j/1.2.16/log4j-1.2.16.jar:/Users/youen/.m2/repository/org/springframework/data/spring-data-mongodb/1.0.0.RELEASE/spring-data-mongodb-1.0.0.RELEASE.jar:/Users/youen/.m2/repository/org/springframework/data/spring-data-commons-core/1.2.0.RELEASE/spring-data-commons-core-1.2.0.RELEASE.jar:/Users/youen/.m2/repository/org/mongodb/mongo-java-driver/2.7.2/mongo-java-driver-2.7.2.jar:/Users/youen/.m2/repository/junit/junit/4.7/junit-4.7.jar:"/>
    <property name="java.vm.specification.version" value="1.0"/>
    <property name="sun.arch.data.model" value="64"/>
    <property name="java.home" value="/System/Library/Java/JavaVirtualMachines/1.6.0.jdk/Contents/Home"/>
    <property name="sun.java.command" value="/Users/youen/Programmation/workspace/core/core-business/target/surefire/surefirebooter5036473190297397819.jar /Users/youen/Programmation/workspace/core/core-business/target/surefire/surefire9040060351082588230tmp /Users/youen/Programmation/workspace/core/core-business/target/surefire/surefire3560075520036748895tmp"/>
    <property name="java.specification.vendor" value="Sun Microsystems Inc."/>
    <property name="user.language" value="fr"/>
    <property name="awt.toolkit" value="apple.awt.CToolkit"/>
    <property name="java.vm.info" value="mixed mode"/>
    <property name="java.version" value="1.6.0_31"/>
    <property name="java.ext.dirs" value="/Library/Java/Extensions:/System/Library/Java/Extensions:/System/Library/Java/JavaVirtualMachines/1.6.0.jdk/Contents/Home/lib/ext"/>
    <property name="sun.boot.class.path" value="/System/Library/Java/JavaVirtualMachines/1.6.0.jdk/Contents/Classes/jsfd.jar:/System/Library/Java/JavaVirtualMachines/1.6.0.jdk/Contents/Classes/classes.jar:/System/Library/Frameworks/JavaVM.framework/Frameworks/JavaRuntimeSupport.framework/Resources/Java/JavaRuntimeSupport.jar:/System/Library/Java/JavaVirtualMachines/1.6.0.jdk/Contents/Classes/ui.jar:/System/Library/Java/JavaVirtualMachines/1.6.0.jdk/Contents/Classes/laf.jar:/System/Library/Java/JavaVirtualMachines/1.6.0.jdk/Contents/Classes/sunrsasign.jar:/System/Library/Java/JavaVirtualMachines/1.6.0.jdk/Contents/Classes/jsse.jar:/System/Library/Java/JavaVirtualMachines/1.6.0.jdk/Contents/Classes/jce.jar:/System/Library/Java/JavaVirtualMachines/1.6.0.jdk/Contents/Classes/charsets.jar"/>
    <property name="java.vendor" value="Apple Inc."/>
    <property name="localRepository" value="/Users/youen/.m2/repository"/>
    <property name="file.separator" value="/"/>
    <property name="java.vendor.url.bug" value="http://bugreport.apple.com/"/>
    <property name="sun.cpu.endian" value="little"/>
    <property name="sun.io.unicode.encoding" value="UnicodeLittle"/>
    <property name="mrj.version" value="1070.1.6.0_31-415"/>
    <property name="socksNonProxyHosts" value="local|*.local|169.254/16|*.169.254/16"/>
    <property name="ftp.nonProxyHosts" value="local|*.local|169.254/16|*.169.254/16"/>
    <property name="sun.cpu.isalist" value=""/>
  </properties>
  <testcase time="4.404" classname="ys276.core.test.service.TestObjects" name="TestCreateObject1"/>
  <testcase time="0.104" classname="ys276.core.test.service.TestObjects" name="TestCreateObject2"/>
</testsuite>